----------------------------------------
13-09-2023 19:39:59
Request to Admin/GetAdmins at 13-09-2023 19:39:59
----------------------------------------
13-09-2023 19:41:11
Request to Admin/GetAdmins at 13-09-2023 19:41:03
----------------------------------------
13-09-2023 19:41:36
Response from Admin/GetAdmins at 13-09-2023 19:41:26
----------------------------------------
13-09-2023 19:42:47
Request to Admin/updateAdmin at 13-09-2023 19:42:38
----------------------------------------
13-09-2023 19:42:53
Response from Admin/updateAdmin at 13-09-2023 19:42:53
----------------------------------------
13-09-2023 19:46:29
Request to Admin/GetAdmins at 13-09-2023 19:46:28
----------------------------------------
13-09-2023 19:46:41
Response from Admin/GetAdmins at 13-09-2023 19:46:41
----------------------------------------
13-09-2023 19:47:18
Request to Admin/updateAdmin at 13-09-2023 19:47:17
----------------------------------------
13-09-2023 19:47:26
Response from Admin/updateAdmin at 13-09-2023 19:47:26
----------------------------------------
13-09-2023 19:48:34
Request to Admin/updateAdmin at 13-09-2023 19:48:34
----------------------------------------
13-09-2023 19:48:34
Response from Admin/updateAdmin at 13-09-2023 19:48:34
----------------------------------------
13-09-2023 19:49:00
Request to Admin/updateAdmin at 13-09-2023 19:49:00
----------------------------------------
13-09-2023 19:49:00
Response from Admin/updateAdmin at 13-09-2023 19:49:00
----------------------------------------
13-09-2023 19:49:12
Request to Admin/updateAdmin at 13-09-2023 19:49:12
----------------------------------------
13-09-2023 19:49:12
Response from Admin/updateAdmin at 13-09-2023 19:49:12
----------------------------------------
13-09-2023 23:27:54
Request to Admin/GetAdmins at 13-09-2023 23:27:39
